This is pdfTeX, Version 3.14159265-2.6-1.40.16 (TeX Live 2015) (preloaded format=latex 2016.2.19)  1 FEB 2017 13:56
entering extended mode
 restricted \write18 enabled.
 %&-line parsing enabled.
**hlpiv.tex
(./hlpiv.tex
LaTeX2e <2016/02/01>
Babel <3.9n> and hyphenation patterns for 80 languages loaded.

(/mn/sarpanitu/modules/packages/texlive/2015-uio/uio-texmf/texmf-dist/tex/latex
/base/article.cls
Document Class: article 2014/09/29 v1.4h Standard LaTeX document class

(/mn/sarpanitu/modules/packages/texlive/2015-uio/uio-texmf/texmf-dist/tex/latex
/base/size10.clo
File: size10.clo 2014/09/29 v1.4h Standard LaTeX file (size option)
)
\c@part=\count79
\c@section=\count80
\c@subsection=\count81
\c@subsubsection=\count82
\c@paragraph=\count83
\c@subparagraph=\count84
\c@figure=\count85
\c@table=\count86
\abovecaptionskip=\skip41
\belowcaptionskip=\skip42
\bibindent=\dimen102
)
(/mn/sarpanitu/modules/packages/texlive/2015-uio/uio-texmf/texmf-dist/tex/latex
/base/latexsym.sty
Package: latexsym 1998/08/17 v2.2e Standard LaTeX package (lasy symbols)
\symlasy=\mathgroup4
LaTeX Font Info:    Overwriting symbol font `lasy' in version `bold'
(Font)                  U/lasy/m/n --> U/lasy/b/n on input line 52.
)
(/mn/sarpanitu/modules/packages/texlive/2015-uio/uio-texmf/texmf-dist/tex/latex
/amsmath/amsmath.sty
Package: amsmath 2013/01/14 v2.14 AMS math features
\@mathmargin=\skip43

For additional information on amsmath, use the `?' option.

(/mn/sarpanitu/modules/packages/texlive/2015-uio/uio-texmf/texmf-dist/tex/latex
/amsmath/amstext.sty
Package: amstext 2000/06/29 v2.01

(/mn/sarpanitu/modules/packages/texlive/2015-uio/uio-texmf/texmf-dist/tex/latex
/amsmath/amsgen.sty
File: amsgen.sty 1999/11/30 v2.0
\@emptytoks=\toks14
\ex@=\dimen103
))
(/mn/sarpanitu/modules/packages/texlive/2015-uio/uio-texmf/texmf-dist/tex/latex
/amsmath/amsbsy.sty
Package: amsbsy 1999/11/29 v1.2d
\pmbraise@=\dimen104
)
(/mn/sarpanitu/modules/packages/texlive/2015-uio/uio-texmf/texmf-dist/tex/latex
/amsmath/amsopn.sty
Package: amsopn 1999/12/14 v2.01 operator names
)
\inf@bad=\count87
LaTeX Info: Redefining \frac on input line 210.
\uproot@=\count88
\leftroot@=\count89
LaTeX Info: Redefining \overline on input line 306.
\classnum@=\count90
\DOTSCASE@=\count91
LaTeX Info: Redefining \ldots on input line 378.
LaTeX Info: Redefining \dots on input line 381.
LaTeX Info: Redefining \cdots on input line 466.
\Mathstrutbox@=\box26
\strutbox@=\box27
\big@size=\dimen105
LaTeX Font Info:    Redeclaring font encoding OML on input line 566.
LaTeX Font Info:    Redeclaring font encoding OMS on input line 567.
\macc@depth=\count92
\c@MaxMatrixCols=\count93
\dotsspace@=\muskip10
\c@parentequation=\count94
\dspbrk@lvl=\count95
\tag@help=\toks15
\row@=\count96
\column@=\count97
\maxfields@=\count98
\andhelp@=\toks16
\eqnshift@=\dimen106
\alignsep@=\dimen107
\tagshift@=\dimen108
\tagwidth@=\dimen109
\totwidth@=\dimen110
\lineht@=\dimen111
\@envbody=\toks17
\multlinegap=\skip44
\multlinetaggap=\skip45
\mathdisplay@stack=\toks18
LaTeX Info: Redefining \[ on input line 2665.
LaTeX Info: Redefining \] on input line 2666.
)
(/mn/sarpanitu/modules/packages/texlive/2015-uio/uio-texmf/texmf-dist/tex/latex
/base/inputenc.sty
Package: inputenc 2015/03/17 v1.2c Input encoding file
\inpenc@prehook=\toks19
\inpenc@posthook=\toks20

(/mn/sarpanitu/modules/packages/texlive/2015-uio/uio-texmf/texmf-dist/tex/latex
/ucs/utf8x.def
File: utf8x.def 2004/10/17 UCS: Input encoding UTF-8
))
(/mn/sarpanitu/modules/packages/texlive/2015-uio/uio-texmf/texmf-dist/tex/latex
/ucs/ucs.sty
Package: ucs 2013/05/11 v2.2 UCS: Unicode input support

(/mn/sarpanitu/modules/packages/texlive/2015-uio/uio-texmf/texmf-dist/tex/latex
/ucs/data/uni-global.def
File: uni-global.def 2013/05/13 UCS: Unicode global data
)
\uc@secondtry=\count99
\uc@combtoks=\toks21
\uc@combtoksb=\toks22
\uc@temptokena=\toks23
)
(/mn/sarpanitu/modules/packages/texlive/2015-uio/uio-texmf/texmf-dist/tex/latex
/graphics/graphicx.sty
Package: graphicx 2014/10/28 v1.0g Enhanced LaTeX Graphics (DPC,SPQR)

(/mn/sarpanitu/modules/packages/texlive/2015-uio/uio-texmf/texmf-dist/tex/latex
/graphics/keyval.sty
Package: keyval 2014/10/28 v1.15 key=value parser (DPC)
\KV@toks@=\toks24
)
(/mn/sarpanitu/modules/packages/texlive/2015-uio/uio-texmf/texmf-dist/tex/latex
/graphics/graphics.sty
Package: graphics 2016/01/03 v1.0q Standard LaTeX Graphics (DPC,SPQR)

(/mn/sarpanitu/modules/packages/texlive/2015-uio/uio-texmf/texmf-dist/tex/latex
/graphics/trig.sty
Package: trig 2016/01/03 v1.10 sin cos tan (DPC)
)
(/mn/sarpanitu/modules/packages/texlive/2015-uio/uio-texmf/texmf-dist/tex/latex
/latexconfig/graphics.cfg
File: graphics.cfg 2010/04/23 v1.9 graphics configuration of TeX Live
)
Package graphics Info: Driver file: dvips.def on input line 95.

(/mn/sarpanitu/modules/packages/texlive/2015-uio/uio-texmf/texmf-dist/tex/latex
/graphics/dvips.def
File: dvips.def 2015/12/30 v3.0k Driver-dependent file (DPC,SPQR)
))
\Gin@req@height=\dimen112
\Gin@req@width=\dimen113
)
(/mn/sarpanitu/modules/packages/texlive/2015-uio/uio-texmf/texmf-dist/tex/latex
/subfigure/subfigure.sty
Package: subfigure 2002/03/15 v2.1.5 subfigure package
\subfigtopskip=\skip46
\subfigcapskip=\skip47
\subfigcaptopadj=\dimen114
\subfigbottomskip=\skip48
\subfigcapmargin=\dimen115
\subfiglabelskip=\skip49
\c@subfigure=\count100
\c@lofdepth=\count101
\c@subtable=\count102
\c@lotdepth=\count103

****************************************
* Local config file subfigure.cfg used *
****************************************

(/mn/sarpanitu/modules/packages/texlive/2015-uio/uio-texmf/texmf-dist/tex/latex
/subfigure/subfigure.cfg)
\subfig@top=\skip50
\subfig@bottom=\skip51
)
(/mn/sarpanitu/modules/packages/texlive/2015-uio/uio-texmf/texmf-dist/tex/latex
/graphics/color.sty
Package: color 2016/01/03 v1.1b Standard LaTeX Color (DPC)

(/mn/sarpanitu/modules/packages/texlive/2015-uio/uio-texmf/texmf-dist/tex/latex
/latexconfig/color.cfg
File: color.cfg 2007/01/18 v1.5 color configuration of teTeX/TeXLive
)
Package color Info: Driver file: dvips.def on input line 143.

(/mn/sarpanitu/modules/packages/texlive/2015-uio/uio-texmf/texmf-dist/tex/latex
/graphics/dvipsnam.def
File: dvipsnam.def 2015/12/30 v3.0k Driver-dependent file (DPC,SPQR)
))
(/mn/sarpanitu/modules/packages/texlive/2015-uio/uio-texmf/texmf-dist/tex/latex
/natbib/natbib.sty
Package: natbib 2010/09/13 8.31b (PWD, AO)
\bibhang=\skip52
\bibsep=\skip53
LaTeX Info: Redefining \cite on input line 694.
\c@NAT@ctr=\count104
)
(/mn/sarpanitu/modules/packages/texlive/2015-uio/uio-texmf/texmf-dist/tex/latex
/url/url.sty
\Urlmuskip=\muskip11
Package: url 2013/09/16  ver 3.4  Verb mode for urls, etc.
)
(/mn/sarpanitu/modules/packages/texlive/2015-uio/uio-texmf/texmf-dist/tex/latex
/base/textcomp.sty
Package: textcomp 2005/09/27 v1.99g Standard LaTeX package
Package textcomp Info: Sub-encoding information:
(textcomp)               5 = only ISO-Adobe without \textcurrency
(textcomp)               4 = 5 + \texteuro
(textcomp)               3 = 4 + \textohm
(textcomp)               2 = 3 + \textestimated + \textcurrency
(textcomp)               1 = TS1 - \textcircled - \t
(textcomp)               0 = TS1 (full)
(textcomp)             Font families with sub-encoding setting implement
(textcomp)             only a restricted character set as indicated.
(textcomp)             Family '?' is the default used for unknown fonts.
(textcomp)             See the documentation for details.
Package textcomp Info: Setting ? sub-encoding to TS1/1 on input line 79.

(/mn/sarpanitu/modules/packages/texlive/2015-uio/uio-texmf/texmf-dist/tex/latex
/base/ts1enc.def
File: ts1enc.def 2001/06/05 v3.0e (jk/car/fm) Standard LaTeX file
)
LaTeX Info: Redefining \oldstylenums on input line 334.
Package textcomp Info: Setting cmr sub-encoding to TS1/0 on input line 349.
Package textcomp Info: Setting cmss sub-encoding to TS1/0 on input line 350.
Package textcomp Info: Setting cmtt sub-encoding to TS1/0 on input line 351.
Package textcomp Info: Setting cmvtt sub-encoding to TS1/0 on input line 352.
Package textcomp Info: Setting cmbr sub-encoding to TS1/0 on input line 353.
Package textcomp Info: Setting cmtl sub-encoding to TS1/0 on input line 354.
Package textcomp Info: Setting ccr sub-encoding to TS1/0 on input line 355.
Package textcomp Info: Setting ptm sub-encoding to TS1/4 on input line 356.
Package textcomp Info: Setting pcr sub-encoding to TS1/4 on input line 357.
Package textcomp Info: Setting phv sub-encoding to TS1/4 on input line 358.
Package textcomp Info: Setting ppl sub-encoding to TS1/3 on input line 359.
Package textcomp Info: Setting pag sub-encoding to TS1/4 on input line 360.
Package textcomp Info: Setting pbk sub-encoding to TS1/4 on input line 361.
Package textcomp Info: Setting pnc sub-encoding to TS1/4 on input line 362.
Package textcomp Info: Setting pzc sub-encoding to TS1/4 on input line 363.
Package textcomp Info: Setting bch sub-encoding to TS1/4 on input line 364.
Package textcomp Info: Setting put sub-encoding to TS1/5 on input line 365.
Package textcomp Info: Setting uag sub-encoding to TS1/5 on input line 366.
Package textcomp Info: Setting ugq sub-encoding to TS1/5 on input line 367.
Package textcomp Info: Setting ul8 sub-encoding to TS1/4 on input line 368.
Package textcomp Info: Setting ul9 sub-encoding to TS1/4 on input line 369.
Package textcomp Info: Setting augie sub-encoding to TS1/5 on input line 370.
Package textcomp Info: Setting dayrom sub-encoding to TS1/3 on input line 371.
Package textcomp Info: Setting dayroms sub-encoding to TS1/3 on input line 372.

Package textcomp Info: Setting pxr sub-encoding to TS1/0 on input line 373.
Package textcomp Info: Setting pxss sub-encoding to TS1/0 on input line 374.
Package textcomp Info: Setting pxtt sub-encoding to TS1/0 on input line 375.
Package textcomp Info: Setting txr sub-encoding to TS1/0 on input line 376.
Package textcomp Info: Setting txss sub-encoding to TS1/0 on input line 377.
Package textcomp Info: Setting txtt sub-encoding to TS1/0 on input line 378.
Package textcomp Info: Setting lmr sub-encoding to TS1/0 on input line 379.
Package textcomp Info: Setting lmdh sub-encoding to TS1/0 on input line 380.
Package textcomp Info: Setting lmss sub-encoding to TS1/0 on input line 381.
Package textcomp Info: Setting lmssq sub-encoding to TS1/0 on input line 382.
Package textcomp Info: Setting lmvtt sub-encoding to TS1/0 on input line 383.
Package textcomp Info: Setting lmtt sub-encoding to TS1/0 on input line 384.
Package textcomp Info: Setting qhv sub-encoding to TS1/0 on input line 385.
Package textcomp Info: Setting qag sub-encoding to TS1/0 on input line 386.
Package textcomp Info: Setting qbk sub-encoding to TS1/0 on input line 387.
Package textcomp Info: Setting qcr sub-encoding to TS1/0 on input line 388.
Package textcomp Info: Setting qcs sub-encoding to TS1/0 on input line 389.
Package textcomp Info: Setting qpl sub-encoding to TS1/0 on input line 390.
Package textcomp Info: Setting qtm sub-encoding to TS1/0 on input line 391.
Package textcomp Info: Setting qzc sub-encoding to TS1/0 on input line 392.
Package textcomp Info: Setting qhvc sub-encoding to TS1/0 on input line 393.
Package textcomp Info: Setting futs sub-encoding to TS1/4 on input line 394.
Package textcomp Info: Setting futx sub-encoding to TS1/4 on input line 395.
Package textcomp Info: Setting futj sub-encoding to TS1/4 on input line 396.
Package textcomp Info: Setting hlh sub-encoding to TS1/3 on input line 397.
Package textcomp Info: Setting hls sub-encoding to TS1/3 on input line 398.
Package textcomp Info: Setting hlst sub-encoding to TS1/3 on input line 399.
Package textcomp Info: Setting hlct sub-encoding to TS1/5 on input line 400.
Package textcomp Info: Setting hlx sub-encoding to TS1/5 on input line 401.
Package textcomp Info: Setting hlce sub-encoding to TS1/5 on input line 402.
Package textcomp Info: Setting hlcn sub-encoding to TS1/5 on input line 403.
Package textcomp Info: Setting hlcw sub-encoding to TS1/5 on input line 404.
Package textcomp Info: Setting hlcf sub-encoding to TS1/5 on input line 405.
Package textcomp Info: Setting pplx sub-encoding to TS1/3 on input line 406.
Package textcomp Info: Setting pplj sub-encoding to TS1/3 on input line 407.
Package textcomp Info: Setting ptmx sub-encoding to TS1/4 on input line 408.
Package textcomp Info: Setting ptmj sub-encoding to TS1/4 on input line 409.
)
(/mn/sarpanitu/modules/packages/texlive/2015-uio/uio-texmf/texmf-dist/tex/latex
/preprint/authblk.sty
Package: authblk 2001/02/27 1.3 (PWD)
\affilsep=\skip54
\@affilsep=\skip55
\c@Maxaffil=\count105
\c@authors=\count106
\c@affil=\count107
) (./mcode.sty
-- Package: `mcode' 2.7 <2015/11/11> --
Package: mcode 2015/11/11 2.7
 - settings optimized for display (colour formating)
 - automatic line breaking enabled (careful, buggy!)
 - framed listings

(/mn/sarpanitu/modules/packages/texlive/2015-uio/uio-texmf/texmf-dist/tex/latex
/listings/listings.sty
\lst@mode=\count108
\lst@gtempboxa=\box28
\lst@token=\toks25
\lst@length=\count109
\lst@currlwidth=\dimen116
\lst@column=\count110
\lst@pos=\count111
\lst@lostspace=\dimen117
\lst@width=\dimen118
\lst@newlines=\count112
\lst@lineno=\count113
\lst@maxwidth=\dimen119

(/mn/sarpanitu/modules/packages/texlive/2015-uio/uio-texmf/texmf-dist/tex/latex
/listings/lstmisc.sty
File: lstmisc.sty 2015/06/04 1.6 (Carsten Heinz)
\c@lstnumber=\count114
\lst@skipnumbers=\count115
\lst@framebox=\box29
)
(/mn/sarpanitu/modules/packages/texlive/2015-uio/uio-texmf/texmf-dist/tex/latex
/listings/listings.cfg
File: listings.cfg 2015/06/04 1.6 listings configuration
))
Package: listings 2015/06/04 1.6 (Carsten Heinz)
\lbreakdots=\box30
LaTeX Font Info:    Try loading font information for OT1+pcr on input line 230.


(/mn/sarpanitu/modules/packages/texlive/2015-uio/uio-texmf/texmf-dist/tex/latex
/psnfss/ot1pcr.fd
File: ot1pcr.fd 2001/06/04 font definitions for OT1/pcr.
))
(/mn/sarpanitu/modules/packages/texlive/2015-uio/uio-texmf/texmf-dist/tex/latex
/preprint/fullpage.sty
Package: fullpage 1999/02/23 1.1 (PWD)
\FP@margin=\skip56
) (./hlpiv.aux)
\openout1 = `hlpiv.aux'.

LaTeX Font Info:    Checking defaults for OML/cmm/m/it on input line 67.
LaTeX Font Info:    ... okay on input line 67.
LaTeX Font Info:    Checking defaults for T1/cmr/m/n on input line 67.
LaTeX Font Info:    ... okay on input line 67.
LaTeX Font Info:    Checking defaults for OT1/cmr/m/n on input line 67.
LaTeX Font Info:    ... okay on input line 67.
LaTeX Font Info:    Checking defaults for OMS/cmsy/m/n on input line 67.
LaTeX Font Info:    ... okay on input line 67.
LaTeX Font Info:    Checking defaults for OMX/cmex/m/n on input line 67.
LaTeX Font Info:    ... okay on input line 67.
LaTeX Font Info:    Checking defaults for U/cmr/m/n on input line 67.
LaTeX Font Info:    ... okay on input line 67.
LaTeX Font Info:    Checking defaults for TS1/cmr/m/n on input line 67.
LaTeX Font Info:    Try loading font information for TS1+cmr on input line 67.

(/mn/sarpanitu/modules/packages/texlive/2015-uio/uio-texmf/texmf-dist/tex/latex
/base/ts1cmr.fd
File: ts1cmr.fd 2014/09/29 v2.5h Standard LaTeX font definitions
)
LaTeX Font Info:    ... okay on input line 67.

(/mn/sarpanitu/modules/packages/texlive/2015-uio/uio-texmf/texmf-dist/tex/latex
/ucs/ucsencs.def
File: ucsencs.def 2011/01/21 Fixes to fontencodings LGR, T3
)
\c@lstlisting=\count116
LaTeX Font Info:    Try loading font information for U+lasy on input line 68.

(/mn/sarpanitu/modules/packages/texlive/2015-uio/uio-texmf/texmf-dist/tex/latex
/base/ulasy.fd
File: ulasy.fd 1998/08/17 v2.2e LaTeX symbol font definitions
)
File: rawsequence20140620.eps Graphic file (type eps)
 <rawsequence20140620.eps>
File: pivoverview20140620.eps Graphic file (type eps)
 <pivoverview20140620.eps> [1

]
[2]
LaTeX Font Info:    Try loading font information for TS1+pcr on input line 141.


(/mn/sarpanitu/modules/packages/texlive/2015-uio/uio-texmf/texmf-dist/tex/latex
/psnfss/ts1pcr.fd
File: ts1pcr.fd 2001/06/04 font definitions for TS1/pcr.
)
File: firstvelocityfield.eps Graphic file (type eps)
 <firstvelocityfield.eps>
File: firstvelocityfieldmasked.eps Graphic file (type eps)
 <firstvelocityfieldmasked.eps>
[3]
File: firstvelocityfieldoutlier.eps Graphic file (type eps)
 <firstvelocityfieldoutlier.eps>
File: firstvelocityfieldfixed.eps Graphic file (type eps)
 <firstvelocityfieldfixed.eps>
File: firstvelocityfieldfixed2.eps Graphic file (type eps)

<firstvelocityfieldfixed2.eps> [4] [5] [6]
LaTeX Font Info:    Font shape `U/lasy/b/n' in size <7> not available
(Font)              Font shape `U/lasy/m/n' tried instead on input line 397.
LaTeX Font Info:    Font shape `U/lasy/b/n' in size <5> not available
(Font)              Font shape `U/lasy/m/n' tried instead on input line 397.
 [7] [8]
File: pixelcoord.eps Graphic file (type eps)
 <pixelcoord.eps> [9]
File: wave_velocityfield.eps Graphic file (type eps)

<wave_velocityfield.eps>
File: velocityfield_single_image.eps Graphic file (type eps)
 <velocityfield_single_image.eps>
File: velocityfield_ensemble.eps Graphic file (type eps)

<velocityfield_ensemble.eps>
File: snr_single_image.eps Graphic file (type eps)
 <snr_single_image.eps>
File: snr_ensemble.eps Graphic file (type eps)
 <snr_ensemble.eps> [10]
[11] [12] [13] [14] [15] [16]
File: measureimages/F1.eps Graphic file (type eps)
 <measureimages/F1.eps>
File: measureimages/F2.eps Graphic file (type eps)
 <measureimages/F2.eps>
File: measureimages/F3.eps Graphic file (type eps)

<measureimages/F3.eps>
File: measureimages/F4.eps Graphic file (type eps)
 <measureimages/F4.eps>
File: measureimages/F5.eps Graphic file (type eps)
 <measureimages/F5.eps>
File: measureimages/F1n.eps Graphic file (type eps)

<measureimages/F1n.eps>
File: measureimages/F2n.eps Graphic file (type eps)
 <measureimages/F2n.eps>
File: measureimages/F3n.eps Graphic file (type eps)
 <measureimages/F3n.eps>
File: measureimages/F4n.eps Graphic file (type eps)

<measureimages/F4n.eps>
File: measureimages/F5n.eps Graphic file (type eps)
 <measureimages/F5n.eps>
File: measureimages/U1.eps Graphic file (type eps)
 <measureimages/U1.eps>
File: measureimages/U2.eps Graphic file (type eps)

<measureimages/U2.eps>
File: measureimages/U3.eps Graphic file (type eps)
 <measureimages/U3.eps>
File: measureimages/U4.eps Graphic file (type eps)
 <measureimages/U4.eps>
File: measureimages/U5.eps Graphic file (type eps)

<measureimages/U5.eps>
File: measureimages/U1n.eps Graphic file (type eps)
 <measureimages/U1n.eps>
File: measureimages/U2n.eps Graphic file (type eps)
 <measureimages/U2n.eps>
File: measureimages/U3n.eps Graphic file (type eps)

<measureimages/U3n.eps>
File: measureimages/U4n.eps Graphic file (type eps)
 <measureimages/U4n.eps>
File: measureimages/U5n.eps Graphic file (type eps)
 <measureimages/U5n.eps>
[17] [18] (./hlpiv.bbl [19]) [20] (./hlpiv.aux) ) 
Here is how much of TeX's memory you used:
 4915 strings out of 493034
 68968 string characters out of 6121515
 183468 words of memory out of 5000000
 8346 multiletter control sequences out of 15000+600000
 15376 words of font info for 60 fonts, out of 8000000 for 9000
 1141 hyphenation exceptions out of 8191
 33i,17n,42p,354b,1669s stack positions out of 5000i,500n,10000p,200000b,80000s

Output written on hlpiv.dvi (20 pages, 133236 bytes).
